Determining if the pthread_create exist failed with the following output:
Change Dir: /home/devd/mowito_ws/src/executive/build/CMakeFiles/CMakeTmp

Run Build Command:"/usr/bin/make" "cmTC_4641c/fast"
/usr/bin/make -f CMakeFiles/cmTC_4641c.dir/build.make CMakeFiles/cmTC_4641c.dir/build
make[1]: Entering directory '/home/devd/mowito_ws/src/executive/build/CMakeFiles/CMakeTmp'
Building C object CMakeFiles/cmTC_4641c.dir/CheckSymbolExists.c.o
/usr/bin/x86_64-linux-gnu-gcc-7    -o CMakeFiles/cmTC_4641c.dir/CheckSymbolExists.c.o   -c /home/devd/mowito_ws/src/executive/build/CMakeFiles/CMakeTmp/CheckSymbolExists.c
Linking C executable cmTC_4641c
/usr/bin/cmake -E cmake_link_script CMakeFiles/cmTC_4641c.dir/link.txt --verbose=1
/usr/bin/x86_64-linux-gnu-gcc-7      -rdynamic CMakeFiles/cmTC_4641c.dir/CheckSymbolExists.c.o  -o cmTC_4641c 
CMakeFiles/cmTC_4641c.dir/CheckSymbolExists.c.o: In function `main':
CheckSymbolExists.c:(.text+0x1b): undefined reference to `pthread_create'
collect2: error: ld returned 1 exit status
CMakeFiles/cmTC_4641c.dir/build.make:97: recipe for target 'cmTC_4641c' failed
make[1]: *** [cmTC_4641c] Error 1
make[1]: Leaving directory '/home/devd/mowito_ws/src/executive/build/CMakeFiles/CMakeTmp'
Makefile:126: recipe for target 'cmTC_4641c/fast' failed
make: *** [cmTC_4641c/fast] Error 2

File /home/devd/mowito_ws/src/executive/build/CMakeFiles/CMakeTmp/CheckSymbolExists.c:
/* */
#include <pthread.h>

int main(int argc, char** argv)
{
  (void)argv;
#ifndef pthread_create
  return ((int*)(&pthread_create))[argc];
#else
  (void)argc;
  return 0;
#endif
}

Determining if the function pthread_create exists in the pthreads failed with the following output:
Change Dir: /home/devd/mowito_ws/src/executive/build/CMakeFiles/CMakeTmp

Run Build Command:"/usr/bin/make" "cmTC_14d95/fast"
/usr/bin/make -f CMakeFiles/cmTC_14d95.dir/build.make CMakeFiles/cmTC_14d95.dir/build
make[1]: Entering directory '/home/devd/mowito_ws/src/executive/build/CMakeFiles/CMakeTmp'
Building C object CMakeFiles/cmTC_14d95.dir/CheckFunctionExists.c.o
/usr/bin/x86_64-linux-gnu-gcc-7   -DCHECK_FUNCTION_EXISTS=pthread_create   -o CMakeFiles/cmTC_14d95.dir/CheckFunctionExists.c.o   -c /usr/share/cmake-3.10/Modules/CheckFunctionExists.c
Linking C executable cmTC_14d95
/usr/bin/cmake -E cmake_link_script CMakeFiles/cmTC_14d95.dir/link.txt --verbose=1
/usr/bin/x86_64-linux-gnu-gcc-7  -DCHECK_FUNCTION_EXISTS=pthread_create    -rdynamic CMakeFiles/cmTC_14d95.dir/CheckFunctionExists.c.o  -o cmTC_14d95 -lpthreads 
/usr/bin/ld: cannot find -lpthreads
collect2: error: ld returned 1 exit status
CMakeFiles/cmTC_14d95.dir/build.make:97: recipe for target 'cmTC_14d95' failed
make[1]: *** [cmTC_14d95] Error 1
make[1]: Leaving directory '/home/devd/mowito_ws/src/executive/build/CMakeFiles/CMakeTmp'
Makefile:126: recipe for target 'cmTC_14d95/fast' failed
make: *** [cmTC_14d95/fast] Error 2


